#
# There is insufficient memory for the Java Runtime Environment to continue.
# Native memory allocation (malloc) failed to allocate 269216 bytes for Chunk::new
# Possible reasons:
#   The system is out of physical RAM or swap space
#   The process is running with CompressedOops enabled, and the Java Heap may be blocking the growth of the native heap
# Possible solutions:
#   Reduce memory load on the system
#   Increase physical memory or swap space
#   Check if swap backing store is full
#   Decrease Java heap size (-Xmx/-Xms)
#   Decrease number of Java threads
#   Decrease Java thread stack sizes (-Xss)
#   Set larger code cache with -XX:ReservedCodeCacheSize=
#   JVM is running with Unscaled Compressed Oops mode in which the Java heap is
#     placed in the first 4GB address space. The Java Heap base address is the
#     maximum limit for the native heap growth. Please use -XX:HeapBaseMinAddress
#     to set the Java Heap base and to place the Java Heap above 4GB virtual address.
# This output file may be truncated or incomplete.
#
#  Out of Memory Error (allocation.cpp:389), pid=13048, tid=0x0000000000003bec
#
# JRE version: Java(TM) SE Runtime Environment (8.0_291-b10) (build 1.8.0_291-b10)
# Java VM: Java HotSpot(TM) 64-Bit Server VM (25.291-b10 mixed mode windows-amd64 compressed oops)
# Failed to write core dump. Minidumps are not enabled by default on client versions of Windows
#

---------------  T H R E A D  ---------------

Current thread (0x000001b9a44c2000):  JavaThread "C2 CompilerThread1" daemon [_thread_in_native, id=15340, stack(0x0000001cd1c00000,0x0000001cd1d00000)]

Stack: [0x0000001cd1c00000,0x0000001cd1d00000]
Native frames: (J=compiled Java code, j=interpreted, Vv=VM code, C=native code)
V  [jvm.dll+0x32ea19]
V  [jvm.dll+0x275462]
V  [jvm.dll+0x27610d]
V  [jvm.dll+0x26cb45]
V  [jvm.dll+0xd524c]
V  [jvm.dll+0xd5a4c]
V  [jvm.dll+0x452872]
V  [jvm.dll+0x48dcdd]
V  [jvm.dll+0x442871]
V  [jvm.dll+0x43fae4]
V  [jvm.dll+0x42aa57]
V  [jvm.dll+0xabeeb]
V  [jvm.dll+0xaa54b]
V  [jvm.dll+0x23db02]
V  [jvm.dll+0x29210c]
C  [ucrtbase.dll+0x21bb2]
C  [KERNEL32.DLL+0x17034]
C  [ntdll.dll+0x52651]


Current CompileTask:
C2:   9912 4083       4       org.gradle.internal.service.DefaultServiceRegistry$ParentServices::getService (11 bytes)


---------------  P R O C E S S  ---------------

Java Threads: ( => current thread )
  0x000001b9a887d000 JavaThread "jar transforms Thread 92" [_thread_blocked, id=1392, stack(0x0000001cd9500000,0x0000001cd9600000)]
  0x000001b9a8875800 JavaThread "jar transforms Thread 91" [_thread_blocked, id=11708, stack(0x0000001cd9400000,0x0000001cd9500000)]
  0x000001b9a887c800 JavaThread "jar transforms Thread 90" [_thread_blocked, id=11552, stack(0x0000001cd9300000,0x0000001cd9400000)]
  0x000001b9a887b800 JavaThread "jar transforms Thread 89" [_thread_blocked, id=5416, stack(0x0000001cd9200000,0x0000001cd9300000)]
  0x000001b9a887b000 JavaThread "jar transforms Thread 88" [_thread_blocked, id=18844, stack(0x0000001cd9100000,0x0000001cd9200000)]
  0x000001b9a887a000 JavaThread "jar transforms Thread 87" [_thread_blocked, id=5788, stack(0x0000001cd9000000,0x0000001cd9100000)]
  0x000001b9a8877000 JavaThread "jar transforms Thread 86" [_thread_blocked, id=4048, stack(0x0000001cd8f00000,0x0000001cd9000000)]
  0x000001b9a8872800 JavaThread "jar transforms Thread 85" [_thread_blocked, id=3448, stack(0x0000001cd8e00000,0x0000001cd8f00000)]
  0x000001b9a8879800 JavaThread "jar transforms Thread 84" [_thread_blocked, id=18812, stack(0x0000001cd8d00000,0x0000001cd8e00000)]
  0x000001b9a8871800 JavaThread "jar transforms Thread 83" [_thread_blocked, id=6012, stack(0x0000001cd8c00000,0x0000001cd8d00000)]
  0x000001b9a8878800 JavaThread "jar transforms Thread 82" [_thread_blocked, id=18804, stack(0x0000001cd8b00000,0x0000001cd8c00000)]
  0x000001b9a8871000 JavaThread "jar transforms Thread 81" [_thread_blocked, id=11832, stack(0x0000001cd8a00000,0x0000001cd8b00000)]
  0x000001b9a8874800 JavaThread "jar transforms Thread 80" [_thread_blocked, id=14088, stack(0x0000001cd8900000,0x0000001cd8a00000)]
  0x000001b9a8873000 JavaThread "jar transforms Thread 79" [_thread_blocked, id=3828, stack(0x0000001cd8800000,0x0000001cd8900000)]
  0x000001b9a8874000 JavaThread "jar transforms Thread 78" [_thread_blocked, id=10144, stack(0x0000001cd8700000,0x0000001cd8800000)]
  0x000001b9a8878000 JavaThread "jar transforms Thread 77" [_thread_blocked, id=13776, stack(0x0000001cd8600000,0x0000001cd8700000)]
  0x000001b9a8870000 JavaThread "jar transforms Thread 76" [_thread_blocked, id=16240, stack(0x0000001cd8500000,0x0000001cd8600000)]
  0x000001b9aafe1800 JavaThread "jar transforms Thread 75" [_thread_blocked, id=19072, stack(0x0000001cd8400000,0x0000001cd8500000)]
  0x000001b9aafe7800 JavaThread "jar transforms Thread 74" [_thread_blocked, id=1304, stack(0x0000001cd8300000,0x0000001cd8400000)]
  0x000001b9aafe0800 JavaThread "jar transforms Thread 73" [_thread_blocked, id=17964, stack(0x0000001cd8200000,0x0000001cd8300000)]
  0x000001b9aafe6800 JavaThread "jar transforms Thread 72" [_thread_blocked, id=10056, stack(0x0000001cd8100000,0x0000001cd8200000)]
  0x000001b9aafe6000 JavaThread "jar transforms Thread 71" [_thread_blocked, id=15220, stack(0x0000001cd8000000,0x0000001cd8100000)]
  0x000001b9aafe3000 JavaThread "jar transforms Thread 70" [_thread_blocked, id=15792, stack(0x0000001cd7f00000,0x0000001cd8000000)]
  0x000001b9aafe4800 JavaThread "jar transforms Thread 69" [_thread_blocked, id=12440, stack(0x0000001cd7e00000,0x0000001cd7f00000)]
  0x000001b9aafe0000 JavaThread "jar transforms Thread 68" [_thread_blocked, id=6620, stack(0x0000001cd7d00000,0x0000001cd7e00000)]
  0x000001b9aafe3800 JavaThread "jar transforms Thread 67" [_thread_blocked, id=11680, stack(0x0000001cd7c00000,0x0000001cd7d00000)]
  0x000001b9aafe2000 JavaThread "jar transforms Thread 66" [_thread_blocked, id=13216, stack(0x0000001cd7b00000,0x0000001cd7c00000)]
  0x000001b9aafe5000 JavaThread "jar transforms Thread 65" [_thread_blocked, id=2092, stack(0x0000001cd7a00000,0x0000001cd7b00000)]
  0x000001b9aafd8800 JavaThread "jar transforms Thread 64" [_thread_blocked, id=1400, stack(0x0000001cd7900000,0x0000001cd7a00000)]
  0x000001b9aafdf000 JavaThread "jar transforms Thread 63" [_thread_blocked, id=12276, stack(0x0000001cd7800000,0x0000001cd7900000)]
  0x000001b9aafde800 JavaThread "jar transforms Thread 62" [_thread_blocked, id=8376, stack(0x0000001cd7700000,0x0000001cd7800000)]
  0x000001b9aafdd800 JavaThread "jar transforms Thread 61" [_thread_blocked, id=7936, stack(0x0000001cd7600000,0x0000001cd7700000)]
  0x000001b9aafdb800 JavaThread "jar transforms Thread 60" [_thread_blocked, id=17020, stack(0x0000001cd7500000,0x0000001cd7600000)]
  0x000001b9aafdd000 JavaThread "jar transforms Thread 59" [_thread_blocked, id=18396, stack(0x0000001cd7400000,0x0000001cd7500000)]
  0x000001b9aafda000 JavaThread "jar transforms Thread 58" [_thread_blocked, id=9328, stack(0x0000001cd7300000,0x0000001cd7400000)]
  0x000001b9aafdc000 JavaThread "jar transforms Thread 57" [_thread_blocked, id=17156, stack(0x0000001cd7200000,0x0000001cd7300000)]
  0x000001b9aafda800 JavaThread "jar transforms Thread 56" [_thread_blocked, id=8648, stack(0x0000001cd7100000,0x0000001cd7200000)]
  0x000001b9aafd9000 JavaThread "jar transforms Thread 55" [_thread_blocked, id=16928, stack(0x0000001cd7000000,0x0000001cd7100000)]
  0x000001b9a5b29800 JavaThread "jar transforms Thread 54" [_thread_blocked, id=13416, stack(0x0000001cd6f00000,0x0000001cd7000000)]
  0x000001b9a5b2d000 JavaThread "jar transforms Thread 53" [_thread_blocked, id=17084, stack(0x0000001cd6e00000,0x0000001cd6f00000)]
  0x000001b9a5b2c800 JavaThread "jar transforms Thread 52" [_thread_blocked, id=5692, stack(0x0000001cd6d00000,0x0000001cd6e00000)]
  0x000001b9a5b2b800 JavaThread "jar transforms Thread 51" [_thread_blocked, id=10328, stack(0x0000001cd6c00000,0x0000001cd6d00000)]
  0x000001b9a5b28000 JavaThread "jar transforms Thread 50" [_thread_blocked, id=13348, stack(0x0000001cd6b00000,0x0000001cd6c00000)]
  0x000001b9a5b28800 JavaThread "jar transforms Thread 49" [_thread_blocked, id=10116, stack(0x0000001cd6a00000,0x0000001cd6b00000)]
  0x000001b9a5b2b000 JavaThread "jar transforms Thread 48" [_thread_blocked, id=10308, stack(0x0000001cd6900000,0x0000001cd6a00000)]
  0x000001b9a5b2a000 JavaThread "jar transforms Thread 47" [_thread_blocked, id=19388, stack(0x0000001cd6800000,0x0000001cd6900000)]
  0x000001b9a5b27000 JavaThread "jar transforms Thread 46" [_thread_blocked, id=16972, stack(0x0000001cd6700000,0x0000001cd6800000)]
  0x000001b9a5b20800 JavaThread "jar transforms Thread 45" [_thread_blocked, id=17316, stack(0x0000001cd6600000,0x0000001cd6700000)]
  0x000001b9a5b21000 JavaThread "jar transforms Thread 44" [_thread_blocked, id=9884, stack(0x0000001cd6500000,0x0000001cd6600000)]
  0x000001b9a5b1f800 JavaThread "jar transforms Thread 43" [_thread_blocked, id=11064, stack(0x0000001cd6400000,0x0000001cd6500000)]
  0x000001b9a5b26800 JavaThread "jar transforms Thread 42" [_thread_blocked, id=4164, stack(0x0000001cd6300000,0x0000001cd6400000)]
  0x000001b9a5b25800 JavaThread "jar transforms Thread 41" [_thread_blocked, id=11428, stack(0x0000001cd6200000,0x0000001cd6300000)]
  0x000001b9a5b1f000 JavaThread "jar transforms Thread 40" [_thread_blocked, id=5176, stack(0x0000001cd6100000,0x0000001cd6200000)]
  0x000001b9a5b1e000 JavaThread "jar transforms Thread 39" [_thread_blocked, id=8452, stack(0x0000001cd6000000,0x0000001cd6100000)]
  0x000001b9a5b25000 JavaThread "jar transforms Thread 38" [_thread_blocked, id=12776, stack(0x0000001cd5f00000,0x0000001cd6000000)]
  0x000001b9a5b23800 JavaThread "jar transforms Thread 37" [_thread_blocked, id=17136, stack(0x0000001cd5e00000,0x0000001cd5f00000)]
  0x000001b9a5b22000 JavaThread "jar transforms Thread 36" [_thread_blocked, id=4904, stack(0x0000001cd5d00000,0x0000001cd5e00000)]
  0x000001b9a5b22800 JavaThread "jar transforms Thread 35" [_thread_blocked, id=11476, stack(0x0000001cd5c00000,0x0000001cd5d00000)]
  0x000001b9a5b24000 JavaThread "jar transforms Thread 34" [_thread_blocked, id=8064, stack(0x0000001cd5b00000,0x0000001cd5c00000)]
  0x000001b9a9f47000 JavaThread "jar transforms Thread 33" [_thread_blocked, id=16788, stack(0x0000001cd5a00000,0x0000001cd5b00000)]
  0x000001b9a9f44800 JavaThread "jar transforms Thread 32" [_thread_blocked, id=19420, stack(0x0000001cd5900000,0x0000001cd5a00000)]
  0x000001b9a9f45800 JavaThread "jar transforms Thread 31" [_thread_blocked, id=16416, stack(0x0000001cd5800000,0x0000001cd5900000)]
  0x000001b9a9f44000 JavaThread "jar transforms Thread 30" [_thread_blocked, id=14448, stack(0x0000001cd5700000,0x0000001cd5800000)]
  0x000001b9a9f42800 JavaThread "jar transforms Thread 29" [_thread_blocked, id=13260, stack(0x0000001cd5600000,0x0000001cd5700000)]
  0x000001b9a9f41800 JavaThread "jar transforms Thread 28" [_thread_blocked, id=2032, stack(0x0000001cd5500000,0x0000001cd5600000)]
  0x000001b9a9f43000 JavaThread "jar transforms Thread 27" [_thread_blocked, id=9184, stack(0x0000001cd5400000,0x0000001cd5500000)]
  0x000001b9a9f40000 JavaThread "jar transforms Thread 26" [_thread_blocked, id=16128, stack(0x0000001cd5300000,0x0000001cd5400000)]
  0x000001b9a9f41000 JavaThread "jar transforms Thread 25" [_thread_blocked, id=17160, stack(0x0000001cd5200000,0x0000001cd5300000)]
  0x000001b9a9f46800 JavaThread "jar transforms Thread 24" [_thread_blocked, id=18412, stack(0x0000001cd5100000,0x0000001cd5200000)]
  0x000001b9a9f38800 JavaThread "jar transforms Thread 23" [_thread_blocked, id=11056, stack(0x0000001cd5000000,0x0000001cd5100000)]
  0x000001b9a9f3b800 JavaThread "jar transforms Thread 22" [_thread_blocked, id=10524, stack(0x0000001cd4f00000,0x0000001cd5000000)]
  0x000001b9a9f3d000 JavaThread "jar transforms Thread 21" [_thread_blocked, id=8660, stack(0x0000001cd4e00000,0x0000001cd4f00000)]
  0x000001b9a9f3c800 JavaThread "jar transforms Thread 20" [_thread_blocked, id=3016, stack(0x0000001cd4d00000,0x0000001cd4e00000)]
  0x000001b9a9f3a000 JavaThread "jar transforms Thread 19" [_thread_blocked, id=17016, stack(0x0000001cd4c00000,0x0000001cd4d00000)]
  0x000001b9a9f3f800 JavaThread "jar transforms Thread 18" [_thread_blocked, id=16156, stack(0x0000001cd4b00000,0x0000001cd4c00000)]
  0x000001b9a9f3e800 JavaThread "jar transforms Thread 17" [_thread_blocked, id=8372, stack(0x0000001cd4a00000,0x0000001cd4b00000)]
  0x000001b9a9f38000 JavaThread "jar transforms Thread 16" [_thread_blocked, id=19000, stack(0x0000001cd4900000,0x0000001cd4a00000)]
  0x000001b9a9f3b000 JavaThread "jar transforms Thread 15" [_thread_blocked, id=668, stack(0x0000001cd4800000,0x0000001cd4900000)]
  0x000001b9a9f3e000 JavaThread "jar transforms Thread 14" [_thread_blocked, id=7756, stack(0x0000001cd4700000,0x0000001cd4800000)]
  0x000001b9a9f39800 JavaThread "jar transforms Thread 13" [_thread_blocked, id=12444, stack(0x0000001cd4600000,0x0000001cd4700000)]
  0x000001b9a696c800 JavaThread "jar transforms Thread 12" [_thread_blocked, id=3380, stack(0x0000001cd4500000,0x0000001cd4600000)]
  0x000001b9a696b800 JavaThread "jar transforms Thread 11" [_thread_blocked, id=6492, stack(0x0000001cd4400000,0x0000001cd4500000)]
  0x000001b9a696d000 JavaThread "jar transforms Thread 10" [_thread_blocked, id=18064, stack(0x0000001cd4300000,0x0000001cd4400000)]
  0x000001b9a696b000 JavaThread "jar transforms Thread 9" [_thread_blocked, id=7304, stack(0x0000001cd4200000,0x0000001cd4300000)]
  0x000001b9a696a000 JavaThread "jar transforms Thread 8" [_thread_blocked, id=2192, stack(0x0000001cd4100000,0x0000001cd4200000)]
  0x000001b9a6969800 JavaThread "jar transforms Thread 7" [_thread_blocked, id=19056, stack(0x0000001cd4000000,0x0000001cd4100000)]
  0x000001b9a6962000 JavaThread "jar transforms Thread 6" [_thread_blocked, id=10784, stack(0x0000001cd3f00000,0x0000001cd4000000)]
  0x000001b9a6968800 JavaThread "jar transforms Thread 5" [_thread_blocked, id=5848, stack(0x0000001cd3e00000,0x0000001cd3f00000)]
  0x000001b9a6962800 JavaThread "jar transforms Thread 4" [_thread_blocked, id=5476, stack(0x0000001cd3d00000,0x0000001cd3e00000)]
  0x000001b9a6968000 JavaThread "jar transforms Thread 3" [_thread_blocked, id=18696, stack(0x0000001cd3c00000,0x0000001cd3d00000)]
  0x000001b9a6964000 JavaThread "jar transforms Thread 2" [_thread_blocked, id=12096, stack(0x0000001cd3b00000,0x0000001cd3c00000)]
  0x000001b9a6963800 JavaThread "Build operations Thread 4" [_thread_blocked, id=19204, stack(0x0000001cd3a00000,0x0000001cd3b00000)]
  0x000001b9a6967000 JavaThread "Build operations Thread 3" [_thread_blocked, id=8760, stack(0x0000001cd3900000,0x0000001cd3a00000)]
  0x000001b9a695f800 JavaThread "Build operations Thread 2" [_thread_blocked, id=13316, stack(0x0000001cd3800000,0x0000001cd3900000)]
  0x000001b9a6960800 JavaThread "Build operations" [_thread_blocked, id=16888, stack(0x0000001cd3700000,0x0000001cd3800000)]
  0x000001b9a6961000 JavaThread "Cache worker for Build Output Cleanup Cache (C:\Users\dell\Desktop\Apps\alo\android\.gradle\buildOutputCleanup)" [_thread_blocked, id=72, stack(0x0000001cd3600000,0x0000001cd3700000)]
  0x000001b9a695f000 JavaThread "Cache worker for file content cache (C:\Users\dell\.gradle\caches\6.7\fileContent)" [_thread_blocked, id=14940, stack(0x0000001cd3500000,0x0000001cd3600000)]
  0x000001b9a53a9000 JavaThread "jar transforms" [_thread_blocked, id=12376, stack(0x0000001cd3400000,0x0000001cd3500000)]
  0x000001b9a53b0000 JavaThread "Cache worker for execution history cache (C:\Users\dell\.gradle\caches\6.7\executionHistory)" [_thread_blocked, id=16000, stack(0x0000001cd3300000,0x0000001cd3400000)]
  0x000001b9a53ab800 JavaThread "Cache worker for cache directory md-rule (C:\Users\dell\.gradle\caches\6.7\md-rule)" [_thread_blocked, id=3704, stack(0x0000001cd3200000,0x0000001cd3300000)]
  0x000001b9a53af800 JavaThread "Cache worker for cache directory md-supplier (C:\Users\dell\.gradle\caches\6.7\md-supplier)" [_thread_blocked, id=7940, stack(0x0000001cd3100000,0x0000001cd3200000)]
  0x000001b9a53aa800 JavaThread "Cache worker for checksums cache (C:\Users\dell\Desktop\Apps\alo\android\.gradle\checksums)" [_thread_blocked, id=11192, stack(0x0000001cd3000000,0x0000001cd3100000)]
  0x000001b9a53ae800 JavaThread "Cache worker for file hash cache (C:\Users\dell\Desktop\Apps\alo\android\.gradle\6.7\fileHashes)" [_thread_blocked, id=15736, stack(0x0000001cd2f00000,0x0000001cd3000000)]
  0x000001b9a53ad000 JavaThread "Cache worker for journal cache (C:\Users\dell\.gradle\caches\journal-1)" [_thread_blocked, id=17852, stack(0x0000001cd2e00000,0x0000001cd2f00000)]
  0x000001b9a53ac000 JavaThread "File lock request listener" [_thread_in_native, id=17348, stack(0x0000001cd2d00000,0x0000001cd2e00000)]
  0x000001b9a53ad800 JavaThread "Cache worker for file hash cache (C:\Users\dell\.gradle\caches\6.7\fileHashes)" [_thread_blocked, id=988, stack(0x0000001cd2c00000,0x0000001cd2d00000)]
  0x000001b9a6eb0000 JavaThread "Thread-9" [_thread_blocked, id=12648, stack(0x0000001cd2b00000,0x0000001cd2c00000)]
  0x000001b9a6eaf800 JavaThread "Stdin handler" [_thread_blocked, id=5752, stack(0x0000001cd2a00000,0x0000001cd2b00000)]
  0x000001b9a6ea9000 JavaThread "Asynchronous log dispatcher for DefaultDaemonConnection: socket connection from /127.0.0.1:64793 to /127.0.0.1:64794" [_thread_blocked, id=5260, stack(0x0000001cd2900000,0x0000001cd2a00000)]
  0x000001b9a6ea4000 JavaThread "Daemon worker" [_thread_in_native, id=8020, stack(0x0000001cd2800000,0x0000001cd2900000)]
  0x000001b9a6e87800 JavaThread "Cancel handler" [_thread_blocked, id=18540, stack(0x0000001cd2700000,0x0000001cd2800000)]
  0x000001b9a6e84000 JavaThread "Handler for socket connection from /127.0.0.1:64793 to /127.0.0.1:64794" [_thread_in_native, id=5812, stack(0x0000001cd2600000,0x0000001cd2700000)]
  0x000001b9a6e7d000 JavaThread "Daemon" [_thread_blocked, id=8368, stack(0x0000001cd2500000,0x0000001cd2600000)]
  0x000001b9a6ddc000 JavaThread "Daemon periodic checks" [_thread_blocked, id=7356, stack(0x0000001cd2400000,0x0000001cd2500000)]
  0x000001b9a6dd8800 JavaThread "Incoming local TCP Connector on port 64793" [_thread_in_native, id=17400, stack(0x0000001cd2300000,0x0000001cd2400000)]
  0x000001b9a6d02800 JavaThread "Daemon health stats" [_thread_blocked, id=10448, stack(0x0000001cd2000000,0x0000001cd2100000)]
  0x000001b9a4555800 JavaThread "Service Thread" daemon [_thread_blocked, id=2960, stack(0x0000001cd1e00000,0x0000001cd1f00000)]
  0x000001b9a44cf800 JavaThread "C1 CompilerThread2" daemon [_thread_in_vm, id=14156, stack(0x0000001cd1d00000,0x0000001cd1e00000)]
=>0x000001b9a44c2000 JavaThread "C2 CompilerThread1" daemon [_thread_in_native, id=15340, stack(0x0000001cd1c00000,0x0000001cd1d00000)]
  0x000001b9a44bf800 JavaThread "C2 CompilerThread0" daemon [_thread_in_native, id=6596, stack(0x0000001cd1b00000,0x0000001cd1c00000)]
  0x000001b9a44bc000 JavaThread "Attach Listener" daemon [_thread_blocked, id=9092, stack(0x0000001cd1a00000,0x0000001cd1b00000)]
  0x000001b9a44ba800 JavaThread "Signal Dispatcher" daemon [_thread_blocked, id=14444, stack(0x0000001cd1900000,0x0000001cd1a00000)]
  0x000001b9a3d78800 JavaThread "Finalizer" daemon [_thread_blocked, id=13568, stack(0x0000001cd1800000,0x0000001cd1900000)]
  0x000001b9a3d71000 JavaThread "Reference Handler" daemon [_thread_blocked, id=17844, stack(0x0000001cd1700000,0x0000001cd1800000)]
  0x000001b991531000 JavaThread "main" [_thread_blocked, id=696, stack(0x0000001cd1100000,0x0000001cd1200000)]

Other Threads:
  0x000001b9a4484000 VMThread [stack: 0x0000001cd1600000,0x0000001cd1700000] [id=2564]
  0x000001b9a4568800 WatcherThread [stack: 0x0000001cd1f00000,0x0000001cd2000000] [id=7848]

VM state:not at safepoint (normal execution)

VM Mutex/Monitor currently owned by a thread: None

heap address: 0x00000000e0000000, size: 512 MB, Compressed Oops mode: 32-bit
Narrow klass base: 0x0000000000000000, Narrow klass shift: 3
Compressed class space size: 1073741824 Address: 0x0000000100000000

Heap:
 PSYoungGen      total 159744K, used 123711K [0x00000000f5580000, 0x0000000100000000, 0x0000000100000000)
  eden space 143872K, 85% used [0x00000000f5580000,0x00000000fce4ffc8,0x00000000fe200000)
  from space 15872K, 0% used [0x00000000ff080000,0x00000000ff080000,0x0000000100000000)
  to   space 14848K, 0% used [0x00000000fe200000,0x00000000fe200000,0x00000000ff080000)
 ParOldGen       total 175104K, used 16703K [0x00000000e0000000, 0x00000000eab00000, 0x00000000f5580000)
  object space 175104K, 9% used [0x00000000e0000000,0x00000000e104fc60,0x00000000eab00000)
 Metaspace       used 37644K, capacity 39308K, committed 39552K, reserved 1083392K
  class space    used 5313K, capacity 5720K, committed 5760K, reserved 1048576K

Card table byte_map: [0x000001b9a21c0000,0x000001b9a22d0000] byte_map_base: 0x000001b9a1ac0000

Marking Bits: (ParMarkBitMap*) 0x0000000072ea7fe0
 Begin Bits: [0x000001b9a2380000, 0x000001b9a2b80000)
 End Bits:   [0x000001b9a2b80000, 0x000001b9a3380000)

Polling page: 0x000001b991470000

CodeCache: size=245760Kb used=13104Kb max_used=13879Kb free=232655Kb
 bounds [0x000001b992e00000, 0x000001b993ba0000, 0x000001b9a1e00000]
 total_blobs=4560 nmethods=3836 adapters=636
 compilation: enabled

Compilation events (10 events):
Event: 9.872 Thread 0x000001b9a44cf800 4088       3       com.google.common.base.Preconditions::checkNotNull (18 bytes)
Event: 9.872 Thread 0x000001b9a44cf800 nmethod 4088 0x000001b992f1e250 code [0x000001b992f1e3e0, 0x000001b992f1e780]
Event: 9.872 Thread 0x000001b9a44cf800 4089       3       java.util.ArrayDeque::getFirst (24 bytes)
Event: 9.872 Thread 0x000001b9a44cf800 nmethod 4089 0x000001b9930ae5d0 code [0x000001b9930ae740, 0x000001b9930ae9d0]
Event: 9.872 Thread 0x000001b9a44cf800 4090       3       java.util.ArrayList::clear (39 bytes)
Event: 9.873 Thread 0x000001b9a44cf800 nmethod 4090 0x000001b993061690 code [0x000001b993061800, 0x000001b993061b78]
Event: 9.874 Thread 0x000001b9a44cf800 4094       1       org.gradle.api.internal.collections.DefaultCollectionEventRegister::getAddActions (5 bytes)
Event: 9.874 Thread 0x000001b9a44cf800 nmethod 4094 0x000001b9931e1010 code [0x000001b9931e1160, 0x000001b9931e1278]
Event: 9.874 Thread 0x000001b9a44cf800 4095       1       org.gradle.api.internal.collections.SortedSetElementSource::getMutationGuard (5 bytes)
Event: 9.874 Thread 0x000001b9a44cf800 nmethod 4095 0x000001b993373910 code [0x000001b993373a60, 0x000001b993373b78]

GC Heap History (10 events):
Event: 3.278 GC heap before
{Heap before GC invocations=4 (full 0):
 PSYoungGen      total 76288K, used 31696K [0x00000000f5580000, 0x00000000fea80000, 0x0000000100000000)
  eden space 65536K, 31% used [0x00000000f5580000,0x00000000f69f9fc0,0x00000000f9580000)
  from space 10752K, 99% used [0x00000000f9580000,0x00000000f9ffa060,0x00000000fa000000)
  to   space 10752K, 0% used [0x00000000fe000000,0x00000000fe000000,0x00000000fea80000)
 ParOldGen       total 175104K, used 591K [0x00000000e0000000, 0x00000000eab00000, 0x00000000f5580000)
  object space 175104K, 0% used [0x00000000e0000000,0x00000000e0093cd0,0x00000000eab00000)
 Metaspace       used 20465K, capacity 21098K, committed 21248K, reserved 1067008K
  class space    used 3037K, capacity 3233K, committed 3328K, reserved 1048576K
Event: 3.287 GC heap after
Heap after GC invocations=4 (full 0):
 PSYoungGen      total 141824K, used 8286K [0x00000000f5580000, 0x00000000fea80000, 0x0000000100000000)
  eden space 131072K, 0% used [0x00000000f5580000,0x00000000f5580000,0x00000000fd580000)
  from space 10752K, 77% used [0x00000000fe000000,0x00000000fe8179d8,0x00000000fea80000)
  to   space 10752K, 0% used [0x00000000fd580000,0x00000000fd580000,0x00000000fe000000)
 ParOldGen       total 175104K, used 599K [0x00000000e0000000, 0x00000000eab00000, 0x00000000f5580000)
  object space 175104K, 0% used [0x00000000e0000000,0x00000000e0095cd0,0x00000000eab00000)
 Metaspace       used 20465K, capacity 21098K, committed 21248K, reserved 1067008K
  class space    used 3037K, capacity 3233K, committed 3328K, reserved 1048576K
}
Event: 3.287 GC heap before
{Heap before GC invocations=5 (full 1):
 PSYoungGen      total 141824K, used 8286K [0x00000000f5580000, 0x00000000fea80000, 0x0000000100000000)
  eden space 131072K, 0% used [0x00000000f5580000,0x00000000f5580000,0x00000000fd580000)
  from space 10752K, 77% used [0x00000000fe000000,0x00000000fe8179d8,0x00000000fea80000)
  to   space 10752K, 0% used [0x00000000fd580000,0x00000000fd580000,0x00000000fe000000)
 ParOldGen       total 175104K, used 599K [0x00000000e0000000, 0x00000000eab00000, 0x00000000f5580000)
  object space 175104K, 0% used [0x00000000e0000000,0x00000000e0095cd0,0x00000000eab00000)
 Metaspace       used 20465K, capacity 21098K, committed 21248K, reserved 1067008K
  class space    used 3037K, capacity 3233K, committed 3328K, reserved 1048576K
Event: 3.336 GC heap after
Heap after GC invocations=5 (full 1):
 PSYoungGen      total 141824K, used 0K [0x00000000f5580000, 0x00000000fea80000, 0x0000000100000000)
  eden space 131072K, 0% used [0x00000000f5580000,0x00000000f5580000,0x00000000fd580000)
  from space 10752K, 0% used [0x00000000fe000000,0x00000000fe000000,0x00000000fea80000)
  to   space 10752K, 0% used [0x00000000fd580000,0x00000000fd580000,0x00000000fe000000)
 ParOldGen       total 175104K, used 8116K [0x00000000e0000000, 0x00000000eab00000, 0x00000000f5580000)
  object space 175104K, 4% used [0x00000000e0000000,0x00000000e07ed1c8,0x00000000eab00000)
 Metaspace       used 20465K, capacity 21098K, committed 21248K, reserved 1067008K
  class space    used 3037K, capacity 3233K, committed 3328K, reserved 1048576K
}
Event: 8.052 GC heap before
{Heap before GC invocations=6 (full 1):
 PSYoungGen      total 141824K, used 131072K [0x00000000f5580000, 0x00000000fea80000, 0x0000000100000000)
  eden space 131072K, 100% used [0x00000000f5580000,0x00000000fd580000,0x00000000fd580000)
  from space 10752K, 0% used [0x00000000fe000000,0x00000000fe000000,0x00000000fea80000)
  to   space 10752K, 0% used [0x00000000fd580000,0x00000000fd580000,0x00000000fe000000)
 ParOldGen       total 175104K, used 8116K [0x00000000e0000000, 0x00000000eab00000, 0x00000000f5580000)
  object space 175104K, 4% used [0x00000000e0000000,0x00000000e07ed1c8,0x00000000eab00000)
 Metaspace       used 32552K, capacity 33604K, committed 33920K, reserved 1079296K
  class space    used 4651K, capacity 4921K, committed 4992K, reserved 1048576K
Event: 8.091 GC heap after
Heap after GC invocations=6 (full 1):
 PSYoungGen      total 141824K, used 10730K [0x00000000f5580000, 0x0000000100000000, 0x0000000100000000)
  eden space 131072K, 0% used [0x00000000f5580000,0x00000000f5580000,0x00000000fd580000)
  from space 10752K, 99% used [0x00000000fd580000,0x00000000fdffa9b8,0x00000000fe000000)
  to   space 15872K, 0% used [0x00000000ff080000,0x00000000ff080000,0x0000000100000000)
 ParOldGen       total 175104K, used 12368K [0x00000000e0000000, 0x00000000eab00000, 0x00000000f5580000)
  object space 175104K, 7% used [0x00000000e0000000,0x00000000e0c14268,0x00000000eab00000)
 Metaspace       used 32552K, capacity 33604K, committed 33920K, reserved 1079296K
  class space    used 4651K, capacity 4921K, committed 4992K, reserved 1048576K
}
Event: 8.420 GC heap before
{Heap before GC invocations=7 (full 1):
 PSYoungGen      total 141824K, used 46017K [0x00000000f5580000, 0x0000000100000000, 0x0000000100000000)
  eden space 131072K, 26% used [0x00000000f5580000,0x00000000f77f5d38,0x00000000fd580000)
  from space 10752K, 99% used [0x00000000fd580000,0x00000000fdffa9b8,0x00000000fe000000)
  to   space 15872K, 0% used [0x00000000ff080000,0x00000000ff080000,0x0000000100000000)
 ParOldGen       total 175104K, used 12368K [0x00000000e0000000, 0x00000000eab00000, 0x00000000f5580000)
  object space 175104K, 7% used [0x00000000e0000000,0x00000000e0c14268,0x00000000eab00000)
 Metaspace       used 34195K, capacity 35344K, committed 35416K, reserved 1079296K
  class space    used 4825K, capacity 5108K, committed 5120K, reserved 1048576K
Event: 8.440 GC heap after
Heap after GC invocations=7 (full 1):
 PSYoungGen      total 159744K, used 9957K [0x00000000f5580000, 0x0000000100000000, 0x0000000100000000)
  eden space 143872K, 0% used [0x00000000f5580000,0x00000000f5580000,0x00000000fe200000)
  from space 15872K, 62% used [0x00000000ff080000,0x00000000ffa397f8,0x0000000100000000)
  to   space 14848K, 0% used [0x00000000fe200000,0x00000000fe200000,0x00000000ff080000)
 ParOldGen       total 175104K, used 12376K [0x00000000e0000000, 0x00000000eab00000, 0x00000000f5580000)
  object space 175104K, 7% used [0x00000000e0000000,0x00000000e0c16268,0x00000000eab00000)
 Metaspace       used 34195K, capacity 35344K, committed 35416K, reserved 1079296K
  class space    used 4825K, capacity 5108K, committed 5120K, reserved 1048576K
}
Event: 8.440 GC heap before
{Heap before GC invocations=8 (full 2):
 PSYoungGen      total 159744K, used 9957K [0x00000000f5580000, 0x0000000100000000, 0x0000000100000000)
  eden space 143872K, 0% used [0x00000000f5580000,0x00000000f5580000,0x00000000fe200000)
  from space 15872K, 62% used [0x00000000ff080000,0x00000000ffa397f8,0x0000000100000000)
  to   space 14848K, 0% used [0x00000000fe200000,0x00000000fe200000,0x00000000ff080000)
 ParOldGen       total 175104K, used 12376K [0x00000000e0000000, 0x00000000eab00000, 0x00000000f5580000)
  object space 175104K, 7% used [0x00000000e0000000,0x00000000e0c16268,0x00000000eab00000)
 Metaspace       used 34195K, capacity 35344K, committed 35416K, reserved 1079296K
  class space    used 4825K, capacity 5108K, committed 5120K, reserved 1048576K
Event: 8.532 GC heap after
Heap after GC invocations=8 (full 2):
 PSYoungGen      total 159744K, used 0K [0x00000000f5580000, 0x0000000100000000, 0x0000000100000000)
  eden space 143872K, 0% used [0x00000000f5580000,0x00000000f5580000,0x00000000fe200000)
  from space 15872K, 0% used [0x00000000ff080000,0x00000000ff080000,0x0000000100000000)
  to   space 14848K, 0% used [0x00000000fe200000,0x00000000fe200000,0x00000000ff080000)
 ParOldGen       total 175104K, used 16703K [0x00000000e0000000, 0x00000000eab00000, 0x00000000f5580000)
  object space 175104K, 9% used [0x00000000e0000000,0x00000000e104fc60,0x00000000eab00000)
 Metaspace       used 34195K, capacity 35344K, committed 35416K, reserved 1079296K
  class space    used 4825K, capacity 5108K, committed 5120K, reserved 1048576K
}

Deoptimization events (10 events):
Event: 7.947 Thread 0x000001b9a6ea4000 Uncommon trap: reason=unstable_if action=reinterpret pc=0x000001b9937246c4 method=org.gradle.internal.reflect.PropertyAccessorType.isGetGetterName(Ljava/lang/String;)Z @ 14
Event: 7.990 Thread 0x000001b9a6ea4000 Uncommon trap: reason=unstable_if action=reinterpret pc=0x000001b9934f6d88 method=org.objectweb.asm.ByteVector.putShort(I)Lorg/objectweb/asm/ByteVector; @ 13
Event: 8.097 Thread 0x000001b9a3d71000 Uncommon trap: reason=unstable_if action=reinterpret pc=0x000001b993456a10 method=java.lang.ref.Reference.tryHandlePending(Z)Z @ 104
Event: 8.596 Thread 0x000001b9a6ea4000 Uncommon trap: reason=unstable_if action=reinterpret pc=0x000001b9930aad68 method=java.net.URI.match(CJJ)Z @ 45
Event: 8.596 Thread 0x000001b9a6ea4000 Uncommon trap: reason=unstable_if action=reinterpret pc=0x000001b992fd54c8 method=java.net.URI.match(CJJ)Z @ 19
Event: 8.924 Thread 0x000001b9a6ea4000 Uncommon trap: reason=unstable_if action=reinterpret pc=0x000001b9931394d0 method=java.util.regex.Pattern.has(I)Z @ 6
Event: 9.428 Thread 0x000001b9a6ea4000 Uncommon trap: reason=range_check action=make_not_entrant pc=0x000001b9939462b4 method=java.lang.String.charAt(I)C @ 27
Event: 9.642 Thread 0x000001b9a6ea4000 Uncommon trap: reason=bimorphic action=maybe_recompile pc=0x000001b9936c4070 method=java.util.AbstractCollection.addAll(Ljava/util/Collection;)Z @ 29
Event: 9.673 Thread 0x000001b9a6ea4000 Uncommon trap: reason=unstable_if action=reinterpret pc=0x000001b9931693b8 method=java.util.jar.JarFile.match([C[B[I[I)Z @ 29
Event: 9.870 Thread 0x000001b9a6ea4000 Uncommon trap: reason=bimorphic action=maybe_recompile pc=0x000001b9936c4070 method=java.util.AbstractCollection.addAll(Ljava/util/Collection;)Z @ 29

Classes redefined (0 events):
No events

Internal exceptions (10 events):
Event: 9.807 Thread 0x000001b9a6ea4000 Exception <a 'java/lang/ClassNotFoundException': org/gradle/api/internal/artifacts/repositories/DefaultMavenArtifactRepository_DecoratedBeanInfo> (0x00000000fc576b08) thrown at [C:\jenkins\workspace\8-2-build-windows-amd64-cygwin\jdk8u291\1294\hotspot\src
Event: 9.808 Thread 0x000001b9a6ea4000 Exception <a 'java/lang/ClassNotFoundException': org/gradle/api/internal/artifacts/repositories/DefaultMavenArtifactRepositoryBeanInfo> (0x00000000fc5e6438) thrown at [C:\jenkins\workspace\8-2-build-windows-amd64-cygwin\jdk8u291\1294\hotspot\src\share\vm\
Event: 9.809 Thread 0x000001b9a6ea4000 Exception <a 'java/lang/ClassNotFoundException': org/gradle/api/internal/artifacts/repositories/AbstractAuthenticationSupportedRepositoryBeanInfo> (0x00000000fc6603e8) thrown at [C:\jenkins\workspace\8-2-build-windows-amd64-cygwin\jdk8u291\1294\hotspot\sr
Event: 9.810 Thread 0x000001b9a6ea4000 Exception <a 'java/lang/ClassNotFoundException': org/gradle/api/internal/artifacts/repositories/AbstractResolutionAwareArtifactRepositoryBeanInfo> (0x00000000fc6daa40) thrown at [C:\jenkins\workspace\8-2-build-windows-amd64-cygwin\jdk8u291\1294\hotspot\sr
Event: 9.810 Thread 0x000001b9a6ea4000 Exception <a 'java/lang/ClassNotFoundException': org/gradle/api/internal/artifacts/repositories/AbstractArtifactRepositoryBeanInfo> (0x00000000fc746928) thrown at [C:\jenkins\workspace\8-2-build-windows-amd64-cygwin\jdk8u291\1294\hotspot\src\share\vm\clas
Event: 9.811 Thread 0x000001b9a6ea4000 Exception <a 'java/lang/ClassNotFoundException': org/gradle/api/internal/artifacts/repositories/AbstractArtifactRepositoryCustomizer> (0x00000000fc7b6298) thrown at [C:\jenkins\workspace\8-2-build-windows-amd64-cygwin\jdk8u291\1294\hotspot\src\share\vm\cl
Event: 9.813 Thread 0x000001b9a6ea4000 Exception <a 'java/lang/ClassNotFoundException': org/gradle/api/internal/artifacts/repositories/AbstractResolutionAwareArtifactRepositoryCustomizer> (0x00000000fc853648) thrown at [C:\jenkins\workspace\8-2-build-windows-amd64-cygwin\jdk8u291\1294\hotspot\
Event: 9.816 Thread 0x000001b9a6ea4000 Exception <a 'java/lang/ClassNotFoundException': org/gradle/api/internal/artifacts/repositories/AbstractAuthenticationSupportedRepositoryCustomizer> (0x00000000fc8d7ca8) thrown at [C:\jenkins\workspace\8-2-build-windows-amd64-cygwin\jdk8u291\1294\hotspot\
Event: 9.818 Thread 0x000001b9a6ea4000 Exception <a 'java/lang/ClassNotFoundException': org/gradle/api/internal/artifacts/repositories/DefaultMavenArtifactRepositoryCustomizer> (0x00000000fc95fcd0) thrown at [C:\jenkins\workspace\8-2-build-windows-amd64-cygwin\jdk8u291\1294\hotspot\src\share\v
Event: 9.820 Thread 0x000001b9a6ea4000 Exception <a 'java/lang/ClassNotFoundException': org/gradle/api/internal/artifacts/repositories/DefaultMavenArtifactRepository_DecoratedCustomizer> (0x00000000fc9fad70) thrown at [C:\jenkins\workspace\8-2-build-windows-amd64-cygwin\jdk8u291\1294\hotspot\s

Events (10 events):
Event: 9.868 loading class org/gradle/configuration/project/NotifyProjectAfterEvaluatedBuildOperationType$1 done
Event: 9.869 loading class org/gradle/configuration/project/ConfigureProjectBuildOperationType
Event: 9.869 loading class org/gradle/configuration/project/ConfigureProjectBuildOperationType done
Event: 9.869 loading class org/gradle/configuration/project/ConfigureProjectBuildOperationType$Result
Event: 9.869 loading class org/gradle/configuration/project/ConfigureProjectBuildOperationType$Result done
Event: 9.869 loading class org/gradle/configuration/project/ConfigureProjectBuildOperationType$1
Event: 9.869 loading class org/gradle/configuration/project/ConfigureProjectBuildOperationType$1 done
Event: 9.870 Thread 0x000001b9a6ea4000 Uncommon trap: trap_request=0xffffffc6 fr.pc=0x000001b9936c4070
Event: 9.870 Thread 0x000001b9a6ea4000 DEOPT PACKING pc=0x000001b9936c4070 sp=0x0000001cd28fc520
Event: 9.870 Thread 0x000001b9a6ea4000 DEOPT UNPACKING pc=0x000001b992e45843 sp=0x0000001cd28fc528 mode 2


Dynamic libraries:
0x00007ff6d72e0000 - 0x00007ff6d7327000 	C:\Program Files\Java\jre1.8.0_291\bin\java.exe
0x00007ffe5b690000 - 0x00007ffe5b885000 	C:\WINDOWS\SYSTEM32\ntdll.dll
0x00007ffe5a0d0000 - 0x00007ffe5a18d000 	C:\WINDOWS\System32\KERNEL32.DLL
0x00007ffe59420000 - 0x00007ffe596e8000 	C:\WINDOWS\System32\KERNELBASE.dll
0x00007ffe5a020000 - 0x00007ffe5a0cc000 	C:\WINDOWS\System32\ADVAPI32.dll
0x00007ffe59c30000 - 0x00007ffe59cce000 	C:\WINDOWS\System32\msvcrt.dll
0x00007ffe5b420000 - 0x00007ffe5b4bb000 	C:\WINDOWS\System32\sechost.dll
0x00007ffe5af30000 - 0x00007ffe5b05b000 	C:\WINDOWS\System32\RPCRT4.dll
0x00007ffe5b270000 - 0x00007ffe5b410000 	C:\WINDOWS\System32\USER32.dll
0x00007ffe59240000 - 0x00007ffe59262000 	C:\WINDOWS\System32\win32u.dll
0x00007ffe59fd0000 - 0x00007ffe59ffa000 	C:\WINDOWS\System32\GDI32.dll
0x00007ffe58ea0000 - 0x00007ffe58fab000 	C:\WINDOWS\System32\gdi32full.dll
0x00007ffe58dd0000 - 0x00007ffe58e6d000 	C:\WINDOWS\System32\msvcp_win.dll
0x00007ffe59270000 - 0x00007ffe59370000 	C:\WINDOWS\System32\ucrtbase.dll
0x00007ffe4a7e0000 - 0x00007ffe4aa7a000 	C:\WINDOWS\WinSxS\amd64_microsoft.windows.common-controls_6595b64144ccf1df_6.0.19041.844_none_ca00b6081b84eb1d\COMCTL32.dll
0x00007ffe5af00000 - 0x00007ffe5af30000 	C:\WINDOWS\System32\IMM32.DLL
0x00007ffe4b4e0000 - 0x00007ffe4b4f5000 	C:\Program Files\Java\jre1.8.0_291\bin\vcruntime140.dll
0x00007ffe42cb0000 - 0x00007ffe42d4b000 	C:\Program Files\Java\jre1.8.0_291\bin\msvcp140.dll
0x00000000726c0000 - 0x0000000072f20000 	C:\Program Files\Java\jre1.8.0_291\bin\server\jvm.dll
0x00007ffe5b410000 - 0x00007ffe5b418000 	C:\WINDOWS\System32\PSAPI.DLL
0x00007ffe4bd70000 - 0x00007ffe4bd7a000 	C:\WINDOWS\SYSTEM32\VERSION.dll
0x00007ffe4bf20000 - 0x00007ffe4bf47000 	C:\WINDOWS\SYSTEM32\WINMM.dll
0x00007ffe54440000 - 0x00007ffe54449000 	C:\WINDOWS\SYSTEM32\WSOCK32.dll
0x00007ffe5a240000 - 0x00007ffe5a2ab000 	C:\WINDOWS\System32\WS2_32.dll
0x00007ffe57690000 - 0x00007ffe576a2000 	C:\WINDOWS\SYSTEM32\kernel.appcore.dll
0x00007ffe52320000 - 0x00007ffe52330000 	C:\Program Files\Java\jre1.8.0_291\bin\verify.dll
0x00007ffe450d0000 - 0x00007ffe450fb000 	C:\Program Files\Java\jre1.8.0_291\bin\java.dll
0x00007ffe450b0000 - 0x00007ffe450c8000 	C:\Program Files\Java\jre1.8.0_291\bin\zip.dll
0x00007ffe5a2b0000 - 0x00007ffe5a9f2000 	C:\WINDOWS\System32\SHELL32.dll
0x00007ffe56ef0000 - 0x00007ffe57681000 	C:\WINDOWS\SYSTEM32\windows.storage.dll
0x00007ffe596f0000 - 0x00007ffe59a45000 	C:\WINDOWS\System32\combase.dll
0x00007ffe58840000 - 0x00007ffe5886c000 	C:\WINDOWS\SYSTEM32\Wldp.dll
0x00007ffe59b80000 - 0x00007ffe59c2e000 	C:\WINDOWS\System32\SHCORE.dll
0x00007ffe59da0000 - 0x00007ffe59df5000 	C:\WINDOWS\System32\shlwapi.dll
0x00007ffe58d10000 - 0x00007ffe58d2f000 	C:\WINDOWS\SYSTEM32\profapi.dll
0x00007ffe45090000 - 0x00007ffe450ac000 	C:\Program Files\Java\jre1.8.0_291\bin\net.dll
0x00007ffe585b0000 - 0x00007ffe5861a000 	C:\WINDOWS\system32\mswsock.dll
0x00007ffe44a30000 - 0x00007ffe44a43000 	C:\Program Files\Java\jre1.8.0_291\bin\nio.dll
0x00007ffe449b0000 - 0x00007ffe449d6000 	C:\Users\dell\.gradle\native\fdc75f09e3144964f2cf3f50f0aa648679c211496f362492102eb8c894070792\windows-amd64\native-platform.dll
0x00007ffe44540000 - 0x00007ffe446d1000 	C:\Users\dell\.gradle\native\12488b8bf47d2d4c9fbf2f6322a914ad602e24e48041cd04a747c6da556b65c4\windows-amd64\native-platform-file-events.dll
0x00007ffe51350000 - 0x00007ffe5135d000 	C:\Program Files\Java\jre1.8.0_291\bin\management.dll
0x00007ffe58780000 - 0x00007ffe58798000 	C:\WINDOWS\SYSTEM32\CRYPTSP.dll
0x00007ffe57ee0000 - 0x00007ffe57f14000 	C:\WINDOWS\system32\rsaenh.dll
0x00007ffe58e70000 - 0x00007ffe58e97000 	C:\WINDOWS\System32\bcrypt.dll
0x00007ffe58cd0000 - 0x00007ffe58cfe000 	C:\WINDOWS\SYSTEM32\USERENV.dll
0x00007ffe58fb0000 - 0x00007ffe59030000 	C:\WINDOWS\System32\bcryptprimitives.dll
0x00007ffe587a0000 - 0x00007ffe587ac000 	C:\WINDOWS\SYSTEM32\CRYPTBASE.dll
0x00007ffe58250000 - 0x00007ffe5828b000 	C:\WINDOWS\SYSTEM32\IPHLPAPI.DLL
0x00007ffe5b640000 - 0x00007ffe5b648000 	C:\WINDOWS\System32\NSI.dll
0x00007ffe4e280000 - 0x00007ffe4e297000 	C:\WINDOWS\SYSTEM32\dhcpcsvc6.DLL
0x00007ffe4f510000 - 0x00007ffe4f52d000 	C:\WINDOWS\SYSTEM32\dhcpcsvc.DLL
0x00007ffe582a0000 - 0x00007ffe5836c000 	C:\WINDOWS\SYSTEM32\DNSAPI.dll
0x00007ffe51b10000 - 0x00007ffe51b1b000 	C:\WINDOWS\SYSTEM32\WINNSI.DLL
0x00007ffe50670000 - 0x00007ffe50854000 	C:\WINDOWS\SYSTEM32\dbghelp.dll

VM Arguments:
jvm_args: -XX:MaxMetaspaceSize=256m -XX:+HeapDumpOnOutOfMemoryError -Xms256m -Xmx512m -Dfile.encoding=windows-1252 -Duser.country=US -Duser.language=en -Duser.variant 
java_command: org.gradle.launcher.daemon.bootstrap.GradleDaemon 6.7
java_class_path (initial): C:\Users\dell\.gradle\wrapper\dists\gradle-6.7-all\cuy9mc7upwgwgeb72wkcrupxe\gradle-6.7\lib\gradle-launcher-6.7.jar
Launcher Type: SUN_STANDARD

Environment Variables:
CLASSPATH=C:\Users\dell\Desktop\Apps\alo\android\\gradle\wrapper\gradle-wrapper.jar
PATH=C:\Users\dell\Desktop\Apps\alo\android\node_modules\.bin;C:\Users\dell\Desktop\Apps\alo\node_modules\.bin;C:\Users\dell\Desktop\Apps\node_modules\.bin;C:\Users\dell\Desktop\node_modules\.bin;C:\Users\dell\node_modules\.bin;C:\Users\node_modules\.bin;C:\node_modules\.bin;C:\Program Files\nodejs;C:\Users\dell\Desktop\Apps\alo\node_modules\.bin;C:\Program Files (x86)\Common Files\Oracle\Java\javapath;C:\WINDOWS\system32;C:\WINDOWS;C:\WINDOWS\System32\Wbem;C:\WINDOWS\System32\WindowsPowerShell\v1.0\;C:\WINDOWS\System32\OpenSSH\;C:\Program Files\nodejs\;C:\Program Files\Git\cmd;C:\Users\dell\AppData\Local\Microsoft\WindowsApps;C:\Users\dell\AppData\Roaming\npm;C:\Users\dell\AppData\Local\Android\Sdk\platform-tools;C:\Users\dell\AppData\Local\Programs\Microsoft VS Code\bin;C:\src\flutter\bin;
USERNAME=dell
OS=Windows_NT
PROCESSOR_IDENTIFIER=Intel64 Family 6 Model 69 Stepping 1, GenuineIntel



---------------  S Y S T E M  ---------------

OS: Windows 10.0 , 64 bit Build 19041 (10.0.19041.928)

CPU:total 4 (initial active 4) (2 cores per cpu, 2 threads per core) family 6 model 69 stepping 1, cmov, cx8, fxsr, mmx, sse, sse2, sse3, ssse3, sse4.1, sse4.2, popcnt, avx, avx2, aes, clmul, erms, lzcnt, ht, tsc, tscinvbit, bmi1, bmi2

Memory: 4k page, physical 16680384k(740564k free), swap 38584252k(5872k free)

vm_info: Java HotSpot(TM) 64-Bit Server VM (25.291-b10) for windows-amd64 JRE (1.8.0_291-b10), built on Apr  9 2021 00:02:00 by "java_re" with MS VC++ 15.9 (VS2017)

time: Fri May  7 15:17:41 2021
timezone: W. Central Africa Standard Time
elapsed time: 9.925417 seconds (0d 0h 0m 9s)

